<?xml version="1.0" encoding="UTF-8"?>
<!-- Generated by org.testng.reporters.JUnitReportReporter -->
<testsuite hostname="INAIRLT541343" failures="0" tests="10" name="com.qa.opencart.tests.AccountsPageTest" time="12.199" errors="0" timestamp="01 Jun 2023 09:38:04 GMT" skipped="0">
  <testcase classname="com.qa.opencart.tests.AccountsPageTest" name="accPageTitleTest" time="0.123"/>
  <testcase classname="com.qa.opencart.tests.AccountsPageTest" name="accPageHeaderTest" time="0.127"/>
  <testcase classname="com.qa.opencart.tests.AccountsPageTest" name="isLogoutLinkExist" time="0.136"/>
  <testcase classname="com.qa.opencart.tests.AccountsPageTest" name="accountPageSectionsTest" time="0.270"/>
  <testcase classname="com.qa.opencart.tests.AccountsPageTest" name="searchTest" time="1.368"/>
  <testcase classname="com.qa.opencart.tests.AccountsPageTest" name="searchTest" time="1.355"/>
  <testcase classname="com.qa.opencart.tests.AccountsPageTest" name="searchTest" time="1.139"/>
  <testcase classname="com.qa.opencart.tests.AccountsPageTest" name="selectProductTest" time="2.278"/>
  <testcase classname="com.qa.opencart.tests.AccountsPageTest" name="selectProductTest" time="3.558"/>
  <testcase classname="com.qa.opencart.tests.AccountsPageTest" name="selectProductTest" time="1.845"/>
</testsuite> <!-- com.qa.opencart.tests.AccountsPageTest -->
